<?xml version="1.0" encoding="UTF-8"?>
<!-- Generated by org.testng.reporters.JUnitReportReporter -->
<testsuite hostname="DESKTOP-4A6VTUP" failures="0" tests="8" name="ProjectDemo.ProjectClass" time="35.265" errors="0" timestamp="2022-03-21T10:34:56 IST" skipped="0">
  <testcase classname="ProjectDemo.ProjectClass" name="testLandingPage" time="11.953"/>
  <system-out/>
  <testcase classname="ProjectDemo.ProjectClass" name="testRadioButton" time="0.202"/>
  <system-out/>
  <testcase classname="ProjectDemo.ProjectClass" name="testDropDown" time="0.193"/>
  <system-out/>
  <testcase classname="ProjectDemo.ProjectClass" name="testCheckBox" time="0.301"/>
  <system-out/>
  <testcase classname="ProjectDemo.ProjectClass" name="openWindowButtonTest" time="1.303"/>
  <system-out/>
  <testcase classname="ProjectDemo.ProjectClass" name="openTabButtonTest" time="5.840"/>
  <system-out/>
  <testcase classname="ProjectDemo.ProjectClass" name="switchToAlerttest" time="0.304"/>
  <system-out/>
  <testcase classname="ProjectDemo.ProjectClass" name="testIframe" time="15.169"/>
  <system-out/>
</testsuite> <!-- ProjectDemo.ProjectClass -->
