<?xml version="1.0" encoding="UTF-8"?>
<!-- Generated by org.testng.reporters.JUnitReportReporter -->
<testsuite hostname="DESKTOP-4A6VTUP" failures="0" tests="8" name="ProjectDemo.ProjectClass" time="35.420" errors="0" timestamp="2022-03-21T11:30:28 IST" skipped="0">
  <testcase classname="ProjectDemo.ProjectClass" name="testLandingPage" time="11.860"/>
  <system-out/>
  <testcase classname="ProjectDemo.ProjectClass" name="testRadioButton" time="0.179"/>
  <system-out/>
  <testcase classname="ProjectDemo.ProjectClass" name="testDropDown" time="0.155"/>
  <system-out/>
  <testcase classname="ProjectDemo.ProjectClass" name="testCheckBox" time="0.136"/>
  <system-out/>
  <testcase classname="ProjectDemo.ProjectClass" name="openWindowButtonTest" time="0.885"/>
  <system-out/>
  <testcase classname="ProjectDemo.ProjectClass" name="openTabButtonTest" time="6.226"/>
  <system-out/>
  <testcase classname="ProjectDemo.ProjectClass" name="switchToAlerttest" time="0.236"/>
  <system-out/>
  <testcase classname="ProjectDemo.ProjectClass" name="testIframe" time="15.743"/>
  <system-out/>
</testsuite> <!-- ProjectDemo.ProjectClass -->
